[debug] [2022-08-31T13:37:35.501Z] ----------------------------------------------------------------------
[debug] [2022-08-31T13:37:35.502Z] Command:       /usr/local/bin/node /usr/local/bin/firebase init
[debug] [2022-08-31T13:37:35.502Z] CLI Version:   11.8.0
[debug] [2022-08-31T13:37:35.502Z] Platform:      darwin
[debug] [2022-08-31T13:37:35.502Z] Node Version:  v16.14.0
[debug] [2022-08-31T13:37:35.505Z] Time:          Wed Aug 31 2022 14:37:35 GMT+0100 (British Summer Time)
[debug] [2022-08-31T13:37:35.505Z] ----------------------------------------------------------------------
[debug] 
[debug] [2022-08-31T13:37:35.533Z] > command requires scopes: ["email","openid","https://www.googleapis.com/auth/cloudplatformprojects.readonly","https://www.googleapis.com/auth/firebase","https://www.googleapis.com/auth/cloud-platform"]
[debug] [2022-08-31T13:37:35.533Z] > authorizing via signed-in user (info@cryptokaiju.io)
[info] 
     ######## #### ########  ######## ########     ###     ######  ########
     ##        ##  ##     ## ##       ##     ##  ##   ##  ##       ##
     ######    ##  ########  ######   ########  #########  ######  ######
     ##        ##  ##    ##  ##       ##     ## ##     ##       ## ##
     ##       #### ##     ## ######## ########  ##     ##  ######  ########

You're about to initialize a Firebase project in this directory:

  /Users/olivercarding/Documents/GitHub/cryptokaiju-plush-fe

Before we get started, keep in mind:

  * You are initializing within an existing Firebase project directory

